<?xml version="1.0" encoding="UTF-8"?>
<testsuite name="action.SendRequest" tests="0" skipped="0" failures="0" errors="0" timestamp="1970-01-01T00:00:00" hostname="duyalindeMacBook.local" time="0.0">
  <properties/>
  <system-out><![CDATA[@test
Feature: 

  Scenario: 测试                                                    ?[90m# test.feature:4?[0m
    ?[33mWhen ?[0m?[33m设置项目名称后缀为:这是一个测试项目?[0m
    ?[36mWhen ?[0m?[36m调用GET接口,url:"?[0m?[36m?[1mhttp://baidu.com/?[0m?[36m"?[0m                          ?[90m# Steps.getToUrl(String)?[0m
    ?[36mWhen ?[0m?[36m调用GET接口,url:"?[0m?[36m?[1mhttps://tieba.baidu.com/?[0m?[36m"?[0m                   ?[90m# Steps.getToUrl(String)?[0m
    ?[36mWhen ?[0m?[36m调用POST接口,url:"?[0m?[36m?[1mhttp://www.example.com/?[0m?[36m",json:"?[0m?[36m?[1m'code':200?[0m?[36m"?[0m ?[90m# Steps.postToUrl(String,JSONObject)?[0m
    ?[36mThen ?[0m?[36m调用POST接口,url:"?[0m?[36m?[1mhttp://www.example.com/?[0m?[36m",json:"?[0m?[36m?[1m'code':200?[0m?[36m"?[0m ?[90m# Steps.postToUrl(String,JSONObject)?[0m

1 Scenarios (?[33m1 undefined?[0m)
5 Steps (?[36m4 skipped?[0m, ?[33m1 undefined?[0m)
0m0.000s


You can implement missing steps with the snippets below:

@When("^设置项目名称后缀为:这是一个测试项目$")
public void 设置项目名称后缀为_这是一个测试项目() throws Throwable {
    // Write code here that turns the phrase above into concrete actions
    throw new PendingException();
}

]]></system-out>
  <system-err><![CDATA[]]></system-err>
</testsuite>
